  SRPG_storys.cpp
d:\chungkang\2018 1학년 1학기\객체지향프로그래밍기초\_assignments\final_assignment\final_assignment\srpg_storys.cpp(37): warning C4996: '_sleep': This function or variable has been superceded by newer library or operating system functionality. Consider using Sleep instead. See online help for details.
  c:\program files (x86)\windows kits\10\include\10.0.10240.0\ucrt\stdlib.h(1266): note: '_sleep' 선언을 참조하십시오.
d:\chungkang\2018 1학년 1학기\객체지향프로그래밍기초\_assignments\final_assignment\final_assignment\srpg_storys.cpp(39): warning C4996: '_sleep': This function or variable has been superceded by newer library or operating system functionality. Consider using Sleep instead. See online help for details.
  c:\program files (x86)\windows kits\10\include\10.0.10240.0\ucrt\stdlib.h(1266): note: '_sleep' 선언을 참조하십시오.
d:\chungkang\2018 1학년 1학기\객체지향프로그래밍기초\_assignments\final_assignment\final_assignment\srpg_storys.cpp(41): warning C4996: '_sleep': This function or variable has been superceded by newer library or operating system functionality. Consider using Sleep instead. See online help for details.
  c:\program files (x86)\windows kits\10\include\10.0.10240.0\ucrt\stdlib.h(1266): note: '_sleep' 선언을 참조하십시오.
d:\chungkang\2018 1학년 1학기\객체지향프로그래밍기초\_assignments\final_assignment\final_assignment\srpg_storys.cpp(44): warning C4996: '_sleep': This function or variable has been superceded by newer library or operating system functionality. Consider using Sleep instead. See online help for details.
  c:\program files (x86)\windows kits\10\include\10.0.10240.0\ucrt\stdlib.h(1266): note: '_sleep' 선언을 참조하십시오.
d:\chungkang\2018 1학년 1학기\객체지향프로그래밍기초\_assignments\final_assignment\final_assignment\srpg_storys.cpp(46): warning C4996: '_sleep': This function or variable has been superceded by newer library or operating system functionality. Consider using Sleep instead. See online help for details.
  c:\program files (x86)\windows kits\10\include\10.0.10240.0\ucrt\stdlib.h(1266): note: '_sleep' 선언을 참조하십시오.
d:\chungkang\2018 1학년 1학기\객체지향프로그래밍기초\_assignments\final_assignment\final_assignment\srpg_storys.cpp(48): warning C4996: '_sleep': This function or variable has been superceded by newer library or operating system functionality. Consider using Sleep instead. See online help for details.
  c:\program files (x86)\windows kits\10\include\10.0.10240.0\ucrt\stdlib.h(1266): note: '_sleep' 선언을 참조하십시오.
d:\chungkang\2018 1학년 1학기\객체지향프로그래밍기초\_assignments\final_assignment\final_assignment\srpg_storys.cpp(50): warning C4996: '_sleep': This function or variable has been superceded by newer library or operating system functionality. Consider using Sleep instead. See online help for details.
  c:\program files (x86)\windows kits\10\include\10.0.10240.0\ucrt\stdlib.h(1266): note: '_sleep' 선언을 참조하십시오.
d:\chungkang\2018 1학년 1학기\객체지향프로그래밍기초\_assignments\final_assignment\final_assignment\srpg_storys.cpp(52): warning C4996: '_sleep': This function or variable has been superceded by newer library or operating system functionality. Consider using Sleep instead. See online help for details.
  c:\program files (x86)\windows kits\10\include\10.0.10240.0\ucrt\stdlib.h(1266): note: '_sleep' 선언을 참조하십시오.
d:\chungkang\2018 1학년 1학기\객체지향프로그래밍기초\_assignments\final_assignment\final_assignment\srpg_storys.cpp(54): warning C4996: '_sleep': This function or variable has been superceded by newer library or operating system functionality. Consider using Sleep instead. See online help for details.
  c:\program files (x86)\windows kits\10\include\10.0.10240.0\ucrt\stdlib.h(1266): note: '_sleep' 선언을 참조하십시오.
d:\chungkang\2018 1학년 1학기\객체지향프로그래밍기초\_assignments\final_assignment\final_assignment\srpg_storys.cpp(56): warning C4996: '_sleep': This function or variable has been superceded by newer library or operating system functionality. Consider using Sleep instead. See online help for details.
  c:\program files (x86)\windows kits\10\include\10.0.10240.0\ucrt\stdlib.h(1266): note: '_sleep' 선언을 참조하십시오.
d:\chungkang\2018 1학년 1학기\객체지향프로그래밍기초\_assignments\final_assignment\final_assignment\srpg_storys.cpp(60): warning C4996: '_sleep': This function or variable has been superceded by newer library or operating system functionality. Consider using Sleep instead. See online help for details.
  c:\program files (x86)\windows kits\10\include\10.0.10240.0\ucrt\stdlib.h(1266): note: '_sleep' 선언을 참조하십시오.
d:\chungkang\2018 1학년 1학기\객체지향프로그래밍기초\_assignments\final_assignment\final_assignment\srpg_storys.cpp(62): warning C4996: '_sleep': This function or variable has been superceded by newer library or operating system functionality. Consider using Sleep instead. See online help for details.
  c:\program files (x86)\windows kits\10\include\10.0.10240.0\ucrt\stdlib.h(1266): note: '_sleep' 선언을 참조하십시오.
d:\chungkang\2018 1학년 1학기\객체지향프로그래밍기초\_assignments\final_assignment\final_assignment\srpg_storys.cpp(65): warning C4996: '_sleep': This function or variable has been superceded by newer library or operating system functionality. Consider using Sleep instead. See online help for details.
  c:\program files (x86)\windows kits\10\include\10.0.10240.0\ucrt\stdlib.h(1266): note: '_sleep' 선언을 참조하십시오.
d:\chungkang\2018 1학년 1학기\객체지향프로그래밍기초\_assignments\final_assignment\final_assignment\srpg_storys.cpp(67): warning C4996: '_sleep': This function or variable has been superceded by newer library or operating system functionality. Consider using Sleep instead. See online help for details.
  c:\program files (x86)\windows kits\10\include\10.0.10240.0\ucrt\stdlib.h(1266): note: '_sleep' 선언을 참조하십시오.
d:\chungkang\2018 1학년 1학기\객체지향프로그래밍기초\_assignments\final_assignment\final_assignment\srpg_storys.cpp(70): warning C4996: 'getch': The POSIX name for this item is deprecated. Instead, use the ISO C and C++ conformant name: _getch. See online help for details.
  c:\program files (x86)\windows kits\10\include\10.0.10240.0\ucrt\conio.h(452): note: 'getch' 선언을 참조하십시오.
d:\chungkang\2018 1학년 1학기\객체지향프로그래밍기초\_assignments\final_assignment\final_assignment\srpg_storys.cpp(103): warning C4996: 'getch': The POSIX name for this item is deprecated. Instead, use the ISO C and C++ conformant name: _getch. See online help for details.
  c:\program files (x86)\windows kits\10\include\10.0.10240.0\ucrt\conio.h(452): note: 'getch' 선언을 참조하십시오.
  SRPG_functions.cpp
  코드를 생성하고 있습니다...
  건너뛰고 있습니다... (관련된 변경 내용 없음)
  SRPG_game_stem.cpp
  SRPG_Main.cpp
SRPG_functions.obj : error LNK2001: "public: static struct LifeEntity::Player LifeEntity::player" (?player@LifeEntity@@2UPlayer@1@A) 외부 기호를 확인할 수 없습니다.
SRPG_storys.obj : error LNK2001: "public: static struct LifeEntity::Player LifeEntity::player" (?player@LifeEntity@@2UPlayer@1@A) 외부 기호를 확인할 수 없습니다.
SRPG_functions.obj : error LNK2001: "public: static struct LifeEntity::Enemy LifeEntity::enemy" (?enemy@LifeEntity@@2UEnemy@1@A) 외부 기호를 확인할 수 없습니다.
D:\ChungKang\2018 1학년 1학기\객체지향프로그래밍기초\_Assignments\Final_Assignment\Debug\Final_Assignment.exe : fatal error LNK1120: 2개의 확인할 수 없는 외부 참조입니다.
