  4x4Main.cpp
  FifteenPuzzle.cpp
d:\$codding\ck_assignments\assignment_04\assignment_04\fifteenpuzzle.cpp(16): error C2133: 'Record': 알 수 없는 크기입니다.
d:\$codding\ck_assignments\assignment_04\assignment_04\fifteenpuzzle.cpp(24): warning C4996: 'getch': The POSIX name for this item is deprecated. Instead, use the ISO C and C++ conformant name: _getch. See online help for details.
  c:\program files (x86)\windows kits\10\include\10.0.10240.0\ucrt\conio.h(452): note: 'getch' 선언을 참조하십시오.
d:\$codding\ck_assignments\assignment_04\assignment_04\fifteenpuzzle.cpp(35): warning C4996: 'getche': The POSIX name for this item is deprecated. Instead, use the ISO C and C++ conformant name: _getche. See online help for details.
  c:\program files (x86)\windows kits\10\include\10.0.10240.0\ucrt\conio.h(455): note: 'getche' 선언을 참조하십시오.
d:\$codding\ck_assignments\assignment_04\assignment_04\fifteenpuzzle.cpp(54): warning C4244: '인수': 'time_t'에서 'unsigned int'(으)로 변환하면서 데이터가 손실될 수 있습니다.
d:\$codding\ck_assignments\assignment_04\assignment_04\fifteenpuzzle.cpp(137): warning C4996: 'getche': The POSIX name for this item is deprecated. Instead, use the ISO C and C++ conformant name: _getche. See online help for details.
  c:\program files (x86)\windows kits\10\include\10.0.10240.0\ucrt\conio.h(455): note: 'getche' 선언을 참조하십시오.
d:\$codding\ck_assignments\assignment_04\assignment_04\fifteenpuzzle.cpp(149): warning C4996: 'getche': The POSIX name for this item is deprecated. Instead, use the ISO C and C++ conformant name: _getche. See online help for details.
  c:\program files (x86)\windows kits\10\include\10.0.10240.0\ucrt\conio.h(455): note: 'getche' 선언을 참조하십시오.
d:\$codding\ck_assignments\assignment_04\assignment_04\fifteenpuzzle.cpp(152): warning C4996: 'getche': The POSIX name for this item is deprecated. Instead, use the ISO C and C++ conformant name: _getche. See online help for details.
  c:\program files (x86)\windows kits\10\include\10.0.10240.0\ucrt\conio.h(455): note: 'getche' 선언을 참조하십시오.
  Ranking.cpp
d:\$codding\ck_assignments\assignment_04\assignment_04\ranking.cpp(67): warning C4996: 'scanf': This function or variable may be unsafe. Consider using scanf_s instead. To disable deprecation, use _CRT_SECURE_NO_WARNINGS. See online help for details.
  c:\program files (x86)\windows kits\10\include\10.0.10240.0\ucrt\stdio.h(1270): note: 'scanf' 선언을 참조하십시오.
  replay.cpp
d:\$codding\ck_assignments\assignment_04\assignment_04\replay.cpp(13): warning C4996: 'getche': The POSIX name for this item is deprecated. Instead, use the ISO C and C++ conformant name: _getche. See online help for details.
  c:\program files (x86)\windows kits\10\include\10.0.10240.0\ucrt\conio.h(455): note: 'getche' 선언을 참조하십시오.
  코드를 생성하고 있습니다...
